<?xml version="1.0" encoding="UTF-8"?>
<testsuites>
    <testsuite name="lapor;lapor-on-lapor-gov-id-website" tests="9" failures="0" skipped="0">
        <properties>
            <property name="URI" value="D:/DTI_PROJECT_3/features/lapor.feature">
            </property>
        </properties>
        <testcase name="Given user browse homepage" classname="lapor;lapor-on-lapor-gov-id-website" time="0.0012771">
        </testcase>
        <testcase name="And user choose laporan type" classname="lapor;lapor-on-lapor-gov-id-website" time="0.0003964">
        </testcase>
        <testcase name="And user fill laporan title" classname="lapor;lapor-on-lapor-gov-id-website" time="0.0002792">
        </testcase>
        <testcase name="And user fill laporan content" classname="lapor;lapor-on-lapor-gov-id-website" time="0.0004484">
        </testcase>
        <testcase name="And user fill laporan date" classname="lapor;lapor-on-lapor-gov-id-website" time="0.0004138">
        </testcase>
        <testcase name="And user fill laporan location" classname="lapor;lapor-on-lapor-gov-id-website" time="0.0004226">
        </testcase>
        <testcase name="And user fill instation" classname="lapor;lapor-on-lapor-gov-id-website" time="0.0002828">
        </testcase>
        <testcase name="When user pick laporan category" classname="lapor;lapor-on-lapor-gov-id-website" time="0.0002428">
        </testcase>
        <testcase name="Then user click lapor" classname="lapor;lapor-on-lapor-gov-id-website" time="0.0004247">
        </testcase>
    </testsuite>
    <testsuite name="login;login-on-lapor-gov-id-website" tests="5" failures="0" skipped="0">
        <properties>
            <property name="URI" value="D:/DTI_PROJECT_3/features/login.feature">
            </property>
        </properties>
        <testcase name="Given user browse login page" classname="login;login-on-lapor-gov-id-website" time="0.0003213">
        </testcase>
        <testcase name="And user click masuk option" classname="login;login-on-lapor-gov-id-website" time="0.0001998">
        </testcase>
        <testcase name="And user fill email to login" classname="login;login-on-lapor-gov-id-website" time="0.0004053">
        </testcase>
        <testcase name="When user fill password to login" classname="login;login-on-lapor-gov-id-website" time="0.0001496">
        </testcase>
        <testcase name="Then user click sign" classname="login;login-on-lapor-gov-id-website" time="0.0000833">
        </testcase>
    </testsuite>
    <testsuite name="register;register-on-lapor-gov-id-website" tests="11" failures="0" skipped="0">
        <properties>
            <property name="URI" value="D:/DTI_PROJECT_3/features/register.feature">
            </property>
        </properties>
        <testcase name="Given user homepage" classname="register;register-on-lapor-gov-id-website" time="0.0005028">
        </testcase>
        <testcase name="And user click daftar" classname="register;register-on-lapor-gov-id-website" time="0.0001694">
        </testcase>
        <testcase name="And user fill they full name" classname="register;register-on-lapor-gov-id-website" time="0.0001903">
        </testcase>
        <testcase name="And user fill username" classname="register;register-on-lapor-gov-id-website" time="0.0004131">
        </testcase>
        <testcase name="And user fill email" classname="register;register-on-lapor-gov-id-website" time="0.0004297">
        </testcase>
        <testcase name="And user fill phone number" classname="register;register-on-lapor-gov-id-website" time="0.0002258">
        </testcase>
        <testcase name="And user fill password" classname="register;register-on-lapor-gov-id-website" time="0.0002044">
        </testcase>
        <testcase name="And user fill password confirmation" classname="register;register-on-lapor-gov-id-website" time="0.0002304">
        </testcase>
        <testcase name="And user click agree" classname="register;register-on-lapor-gov-id-website" time="0.0005068">
        </testcase>
        <testcase name="When user click signup" classname="register;register-on-lapor-gov-id-website" time="0.0003287">
        </testcase>
        <testcase name="Then user is registered" classname="register;register-on-lapor-gov-id-website" time="0.000149">
        </testcase>
    </testsuite>
</testsuites>