<?xml version="1.0" encoding="UTF-8"?>
<testsuites>
    <testsuite name="lapor;login-on-lapor-gov-id-website" tests="9" failures="0" skipped="0">
        <properties>
            <property name="URI" value="D:\DTI_PROJECT_3\features\lapor.feature">
            </property>
        </properties>
        <testcase name="Given user browse homepage" classname="lapor;login-on-lapor-gov-id-website" time="0.0012365">
        </testcase>
        <testcase name="And user choose laporan type" classname="lapor;login-on-lapor-gov-id-website" time="0.0005813">
        </testcase>
        <testcase name="And user fill laporan title" classname="lapor;login-on-lapor-gov-id-website" time="0.000306">
        </testcase>
        <testcase name="And user fill laporan content" classname="lapor;login-on-lapor-gov-id-website" time="0.0003206">
        </testcase>
        <testcase name="And user fill laporan date" classname="lapor;login-on-lapor-gov-id-website" time="0.0004726">
        </testcase>
        <testcase name="And user fill laporan location" classname="lapor;login-on-lapor-gov-id-website" time="0.0004046">
        </testcase>
        <testcase name="And user fill instation" classname="lapor;login-on-lapor-gov-id-website" time="0.0005289">
        </testcase>
        <testcase name="When user pick laporan category" classname="lapor;login-on-lapor-gov-id-website" time="0.0001837">
        </testcase>
        <testcase name="Then user click lapor" classname="lapor;login-on-lapor-gov-id-website" time="0.0001669">
        </testcase>
    </testsuite>
</testsuites>