<?xml version="1.0" encoding="UTF-8"?>
<testsuites>
    <testsuite name="register;register-on-lapor-gov-id-website" tests="11" failures="0" skipped="0">
        <properties>
            <property name="URI" value="D:\DTI_PROJECT_3\features\register.feature">
            </property>
        </properties>
        <testcase name="Given user homepage" classname="register;register-on-lapor-gov-id-website" time="0.0014862">
        </testcase>
        <testcase name="And user click daftar" classname="register;register-on-lapor-gov-id-website" time="0.0005275">
        </testcase>
        <testcase name="And user fill they full name" classname="register;register-on-lapor-gov-id-website" time="0.0005197">
        </testcase>
        <testcase name="And user fill username" classname="register;register-on-lapor-gov-id-website" time="0.0006098">
        </testcase>
        <testcase name="And user fill email" classname="register;register-on-lapor-gov-id-website" time="0.0002326">
        </testcase>
        <testcase name="And user fill phone number" classname="register;register-on-lapor-gov-id-website" time="0.0001595">
        </testcase>
        <testcase name="And user fill password" classname="register;register-on-lapor-gov-id-website" time="0.0005749">
        </testcase>
        <testcase name="And user fill password confirmation" classname="register;register-on-lapor-gov-id-website" time="0.0003838">
        </testcase>
        <testcase name="And user click agree" classname="register;register-on-lapor-gov-id-website" time="0.0003211">
        </testcase>
        <testcase name="When user click signup" classname="register;register-on-lapor-gov-id-website" time="0.0003733">
        </testcase>
        <testcase name="Then user is registered" classname="register;register-on-lapor-gov-id-website" time="0.0003482">
        </testcase>
    </testsuite>
</testsuites>